

Microchip Technology PIC LITE Macro Assembler V1.45 build -152302408 
                                                                                               Thu Sep 13 15:28:14 2018

Microchip Technology Omniscient Code Generator v1.45 (Free mode) build 201711160504
     1                           	processor	16F1827
     2                           	opt	pw 120
     3                           	opt	lm
     4                           	psect	cinit,global,class=CODE,merge=1,delta=2
     5                           	psect	bssCOMMON,global,class=COMMON,space=1,delta=1
     6                           	psect	bssBANK0,global,class=BANK0,space=1,delta=1
     7                           	psect	cstackCOMMON,global,class=COMMON,space=1,delta=1
     8                           	psect	cstackBANK0,global,class=BANK0,space=1,delta=1
     9                           	psect	maintext,global,class=CODE,merge=1,split=1,delta=2
    10                           	psect	text1,local,class=CODE,merge=1,delta=2
    11                           	psect	text2,local,class=CODE,merge=1,delta=2
    12                           	psect	text3,local,class=CODE,merge=1,delta=2
    13                           	psect	intentry,global,class=CODE,delta=2
    14                           	psect	text5,local,class=CODE,merge=1,delta=2
    15                           	psect	text6,local,class=CODE,merge=1,delta=2
    16                           	psect	text7,local,class=CODE,merge=1,delta=2
    17                           	dabs	1,0x7E,2
    18  0000                     
    19                           ; Version 1.45
    20                           ; Generated 16/11/2017 GMT
    21                           ; 
    22                           ; Copyright © 2017, Microchip Technology Inc. and its subsidiaries ("Microchip")
    23                           ; All rights reserved.
    24                           ; 
    25                           ; This software is developed by Microchip Technology Inc. and its subsidiaries ("Microch
      +                          ip").
    26                           ; 
    27                           ; Redistribution and use in source and binary forms, with or without modification, are
    28                           ; permitted provided that the following conditions are met:
    29                           ; 
    30                           ;     1. Redistributions of source code must retain the above copyright notice, this lis
      +                          t of
    31                           ;        conditions and the following disclaimer.
    32                           ; 
    33                           ;     2. Redistributions in binary form must reproduce the above copyright notice, this 
      +                          list
    34                           ;        of conditions and the following disclaimer in the documentation and/or other
    35                           ;        materials provided with the distribution.
    36                           ; 
    37                           ;     3. Microchip's name may not be used to endorse or promote products derived from th
      +                          is
    38                           ;        software without specific prior written permission.
    39                           ; 
    40                           ; THIS SOFTWARE IS PROVIDED BY MICROCHIP "AS IS" AND ANY EXPRESS OR IMPLIED WARRANTIES,
    41                           ; INCLUDING, BUT NOT LIMITED TO, THE IMPLIED WARRANTIES OF MERCHANTABILITY AND FITNESS F
      +                          OR
    42                           ; PURPOSE ARE DISCLAIMED.  IN NO EVENT SHALL MICROCHIP BE LIABLE FOR ANY DIRECT, INDIREC
      +                          T,
    43                           ; INCIDENTAL, SPECIAL, EXEMPLARY, OR CONSEQUENTIAL DAMAGES (INCLUDING BUT NOT LIMITED TO
    44                           ; PROCUREMENT OF SUBSTITUTE GOODS OR SERVICES; LOSS OF USE, DATA OR PROFITS; OR BUSINESS
    45                           ; INTERRUPTION) HOWSOEVER CAUSED AND ON ANY THEORY OF LIABILITY, WHETHER IN CONTRACT, ST
      +                          RICT
    46                           ; LIABILITY, OR TORT (INCLUDING NEGLIGENCE OR OTHERWISE) ARISING IN ANY WAY OUT OF THE U
      +                          SE OF
    47                           ; THIS SOFTWARE, EVEN IF ADVISED OF THE POSSIBILITY OF SUCH DAMAGE.
    48                           ; 
    49                           ; 
    50                           ; Code-generator required, PIC16F1827 Definitions
    51                           ; 
    52                           ; SFR Addresses
    53  0000                     	;# 
    54  0001                     	;# 
    55  0002                     	;# 
    56  0003                     	;# 
    57  0004                     	;# 
    58  0005                     	;# 
    59  0006                     	;# 
    60  0007                     	;# 
    61  0008                     	;# 
    62  0009                     	;# 
    63  000A                     	;# 
    64  000B                     	;# 
    65  000C                     	;# 
    66  000D                     	;# 
    67  0011                     	;# 
    68  0012                     	;# 
    69  0013                     	;# 
    70  0014                     	;# 
    71  0015                     	;# 
    72  0016                     	;# 
    73  0016                     	;# 
    74  0017                     	;# 
    75  0018                     	;# 
    76  0019                     	;# 
    77  001A                     	;# 
    78  001B                     	;# 
    79  001C                     	;# 
    80  001E                     	;# 
    81  001F                     	;# 
    82  008C                     	;# 
    83  008D                     	;# 
    84  0091                     	;# 
    85  0092                     	;# 
    86  0093                     	;# 
    87  0094                     	;# 
    88  0095                     	;# 
    89  0096                     	;# 
    90  0097                     	;# 
    91  0098                     	;# 
    92  0099                     	;# 
    93  009A                     	;# 
    94  009B                     	;# 
    95  009B                     	;# 
    96  009C                     	;# 
    97  009D                     	;# 
    98  009E                     	;# 
    99  010C                     	;# 
   100  010D                     	;# 
   101  0111                     	;# 
   102  0112                     	;# 
   103  0113                     	;# 
   104  0114                     	;# 
   105  0115                     	;# 
   106  0116                     	;# 
   107  0117                     	;# 
   108  0118                     	;# 
   109  0119                     	;# 
   110  011A                     	;# 
   111  011B                     	;# 
   112  011D                     	;# 
   113  011E                     	;# 
   114  018C                     	;# 
   115  018D                     	;# 
   116  0191                     	;# 
   117  0191                     	;# 
   118  0192                     	;# 
   119  0193                     	;# 
   120  0193                     	;# 
   121  0193                     	;# 
   122  0194                     	;# 
   123  0195                     	;# 
   124  0196                     	;# 
   125  0199                     	;# 
   126  019A                     	;# 
   127  019B                     	;# 
   128  019B                     	;# 
   129  019B                     	;# 
   130  019B                     	;# 
   131  019C                     	;# 
   132  019C                     	;# 
   133  019D                     	;# 
   134  019E                     	;# 
   135  019F                     	;# 
   136  020C                     	;# 
   137  020D                     	;# 
   138  0211                     	;# 
   139  0211                     	;# 
   140  0212                     	;# 
   141  0212                     	;# 
   142  0213                     	;# 
   143  0213                     	;# 
   144  0214                     	;# 
   145  0214                     	;# 
   146  0215                     	;# 
   147  0215                     	;# 
   148  0215                     	;# 
   149  0216                     	;# 
   150  0216                     	;# 
   151  0217                     	;# 
   152  0217                     	;# 
   153  0219                     	;# 
   154  021A                     	;# 
   155  021B                     	;# 
   156  021C                     	;# 
   157  021D                     	;# 
   158  021E                     	;# 
   159  021F                     	;# 
   160  0291                     	;# 
   161  0291                     	;# 
   162  0292                     	;# 
   163  0293                     	;# 
   164  0294                     	;# 
   165  0295                     	;# 
   166  0295                     	;# 
   167  0296                     	;# 
   168  0298                     	;# 
   169  0298                     	;# 
   170  0299                     	;# 
   171  029A                     	;# 
   172  029B                     	;# 
   173  029C                     	;# 
   174  029C                     	;# 
   175  029D                     	;# 
   176  029E                     	;# 
   177  029E                     	;# 
   178  0311                     	;# 
   179  0311                     	;# 
   180  0312                     	;# 
   181  0313                     	;# 
   182  0318                     	;# 
   183  0318                     	;# 
   184  0319                     	;# 
   185  031A                     	;# 
   186  0394                     	;# 
   187  0395                     	;# 
   188  0396                     	;# 
   189  039A                     	;# 
   190  039C                     	;# 
   191  039D                     	;# 
   192  039E                     	;# 
   193  039F                     	;# 
   194  0415                     	;# 
   195  0416                     	;# 
   196  0417                     	;# 
   197  041C                     	;# 
   198  041D                     	;# 
   199  041E                     	;# 
   200  0FE4                     	;# 
   201  0FE5                     	;# 
   202  0FE6                     	;# 
   203  0FE7                     	;# 
   204  0FE8                     	;# 
   205  0FE9                     	;# 
   206  0FEA                     	;# 
   207  0FEB                     	;# 
   208  0FED                     	;# 
   209  0FEE                     	;# 
   210  0FEF                     	;# 
   211  0000                     	;# 
   212  0001                     	;# 
   213  0002                     	;# 
   214  0003                     	;# 
   215  0004                     	;# 
   216  0005                     	;# 
   217  0006                     	;# 
   218  0007                     	;# 
   219  0008                     	;# 
   220  0009                     	;# 
   221  000A                     	;# 
   222  000B                     	;# 
   223  000C                     	;# 
   224  000D                     	;# 
   225  0011                     	;# 
   226  0012                     	;# 
   227  0013                     	;# 
   228  0014                     	;# 
   229  0015                     	;# 
   230  0016                     	;# 
   231  0016                     	;# 
   232  0017                     	;# 
   233  0018                     	;# 
   234  0019                     	;# 
   235  001A                     	;# 
   236  001B                     	;# 
   237  001C                     	;# 
   238  001E                     	;# 
   239  001F                     	;# 
   240  008C                     	;# 
   241  008D                     	;# 
   242  0091                     	;# 
   243  0092                     	;# 
   244  0093                     	;# 
   245  0094                     	;# 
   246  0095                     	;# 
   247  0096                     	;# 
   248  0097                     	;# 
   249  0098                     	;# 
   250  0099                     	;# 
   251  009A                     	;# 
   252  009B                     	;# 
   253  009B                     	;# 
   254  009C                     	;# 
   255  009D                     	;# 
   256  009E                     	;# 
   257  010C                     	;# 
   258  010D                     	;# 
   259  0111                     	;# 
   260  0112                     	;# 
   261  0113                     	;# 
   262  0114                     	;# 
   263  0115                     	;# 
   264  0116                     	;# 
   265  0117                     	;# 
   266  0118                     	;# 
   267  0119                     	;# 
   268  011A                     	;# 
   269  011B                     	;# 
   270  011D                     	;# 
   271  011E                     	;# 
   272  018C                     	;# 
   273  018D                     	;# 
   274  0191                     	;# 
   275  0191                     	;# 
   276  0192                     	;# 
   277  0193                     	;# 
   278  0193                     	;# 
   279  0193                     	;# 
   280  0194                     	;# 
   281  0195                     	;# 
   282  0196                     	;# 
   283  0199                     	;# 
   284  019A                     	;# 
   285  019B                     	;# 
   286  019B                     	;# 
   287  019B                     	;# 
   288  019B                     	;# 
   289  019C                     	;# 
   290  019C                     	;# 
   291  019D                     	;# 
   292  019E                     	;# 
   293  019F                     	;# 
   294  020C                     	;# 
   295  020D                     	;# 
   296  0211                     	;# 
   297  0211                     	;# 
   298  0212                     	;# 
   299  0212                     	;# 
   300  0213                     	;# 
   301  0213                     	;# 
   302  0214                     	;# 
   303  0214                     	;# 
   304  0215                     	;# 
   305  0215                     	;# 
   306  0215                     	;# 
   307  0216                     	;# 
   308  0216                     	;# 
   309  0217                     	;# 
   310  0217                     	;# 
   311  0219                     	;# 
   312  021A                     	;# 
   313  021B                     	;# 
   314  021C                     	;# 
   315  021D                     	;# 
   316  021E                     	;# 
   317  021F                     	;# 
   318  0291                     	;# 
   319  0291                     	;# 
   320  0292                     	;# 
   321  0293                     	;# 
   322  0294                     	;# 
   323  0295                     	;# 
   324  0295                     	;# 
   325  0296                     	;# 
   326  0298                     	;# 
   327  0298                     	;# 
   328  0299                     	;# 
   329  029A                     	;# 
   330  029B                     	;# 
   331  029C                     	;# 
   332  029C                     	;# 
   333  029D                     	;# 
   334  029E                     	;# 
   335  029E                     	;# 
   336  0311                     	;# 
   337  0311                     	;# 
   338  0312                     	;# 
   339  0313                     	;# 
   340  0318                     	;# 
   341  0318                     	;# 
   342  0319                     	;# 
   343  031A                     	;# 
   344  0394                     	;# 
   345  0395                     	;# 
   346  0396                     	;# 
   347  039A                     	;# 
   348  039C                     	;# 
   349  039D                     	;# 
   350  039E                     	;# 
   351  039F                     	;# 
   352  0415                     	;# 
   353  0416                     	;# 
   354  0417                     	;# 
   355  041C                     	;# 
   356  041D                     	;# 
   357  041E                     	;# 
   358  0FE4                     	;# 
   359  0FE5                     	;# 
   360  0FE6                     	;# 
   361  0FE7                     	;# 
   362  0FE8                     	;# 
   363  0FE9                     	;# 
   364  0FEA                     	;# 
   365  0FEB                     	;# 
   366  0FED                     	;# 
   367  0FEE                     	;# 
   368  0FEF                     	;# 
   369  000D                     _PORTB	set	13
   370  000C                     _PORTA	set	12
   371  001B                     _PR2	set	27
   372  001C                     _T2CON	set	28
   373  005F                     _GIE	set	95
   374  005E                     _PEIE	set	94
   375  008B                     _SSP1IF	set	139
   376  008D                     _TRISB	set	141
   377  008C                     _TRISA	set	140
   378  0099                     _OSCCON	set	153
   379  048B                     _SSP1IE	set	1163
   380  08EE                     _SDO1SEL	set	2286
   381  018D                     _ANSELB	set	397
   382  018C                     _ANSELA	set	396
   383  0211                     _SSP1BUF	set	529
   384  0214                     _SSP1STAT	set	532
   385  0215                     _SSP1CON1	set	533
   386  029E                     _CCPTMRS	set	670
   387  0311                     _CCPR3L	set	785
   388  031A                     _CCP4CON	set	794
   389  0313                     _CCP3CON	set	787
   390                           
   391                           ; #config settings
   392  0000                     
   393                           	psect	cinit
   394  002C                     start_initialization:	
   395  002C                     __initialization:	
   396                           
   397                           ; Clear objects allocated to COMMON
   398  002C  01F8               	clrf	__pbssCOMMON& (0+127)
   399  002D  01F9               	clrf	(__pbssCOMMON+1)& (0+127)
   400  002E  01FA               	clrf	(__pbssCOMMON+2)& (0+127)
   401  002F  01FB               	clrf	(__pbssCOMMON+3)& (0+127)
   402  0030  01FC               	clrf	(__pbssCOMMON+4)& (0+127)
   403                           
   404                           ; Clear objects allocated to BANK0
   405  0031  0020               	movlb	0	; select bank0
   406  0032  01A4               	clrf	__pbssBANK0& (0+127)
   407  0033  01A5               	clrf	(__pbssBANK0+1)& (0+127)
   408  0034                     end_of_initialization:	
   409                           ;End of C runtime variable initialization code
   410                           
   411  0034                     __end_of__initialization:	
   412  0034  107E               	bcf	int$flags,0	;clear compiler interrupt flag (level 1)
   413  0035  0020               	movlb	0
   414  0036  3180  286D         	ljmp	_main	;jump to C main() function
   415                           
   416                           	psect	bssCOMMON
   417  0078                     __pbssCOMMON:	
   418  0078                     _sousinData:	
   419  0078                     	ds	2
   420  007A                     _PWM:	
   421  007A                     	ds	1
   422  007B                     _read_data:	
   423  007B                     	ds	1
   424  007C                     _return_data:	
   425  007C                     	ds	1
   426                           
   427                           	psect	bssBANK0
   428  0024                     __pbssBANK0:	
   429  0024                     _jusinData:	
   430  0024                     	ds	2
   431                           
   432                           	psect	cstackCOMMON
   433  0070                     __pcstackCOMMON:	
   434  0070                     ?_SlaveStart:	
   435  0070                     ??_SlaveStart:	
   436                           ; 1 bytes @ 0x0
   437                           
   438  0070                     ?_SlaveSen:	
   439                           ; 1 bytes @ 0x0
   440                           
   441  0070                     ?_SlaveInit:	
   442                           ; 1 bytes @ 0x0
   443                           
   444  0070                     ?_InitDevice:	
   445                           ; 1 bytes @ 0x0
   446                           
   447  0070                     ?_OnInterSpi:	
   448                           ; 1 bytes @ 0x0
   449                           
   450  0070                     ?_main:	
   451                           ; 1 bytes @ 0x0
   452                           
   453  0070                     ?_SlaveRec:	
   454                           ; 1 bytes @ 0x0
   455                           
   456  0070                     SlaveSen@sendData:	
   457                           ; 2 bytes @ 0x0
   458                           
   459                           
   460                           ; 2 bytes @ 0x0
   461  0070                     	ds	2
   462  0072                     ??_SlaveRec:	
   463  0072                     ??_SlaveSen:	
   464                           ; 1 bytes @ 0x2
   465                           
   466                           
   467                           ; 1 bytes @ 0x2
   468  0072                     	ds	2
   469  0074                     SlaveRec@read_data:	
   470                           
   471                           ; 1 bytes @ 0x4
   472  0074                     	ds	1
   473  0075                     ??_OnInterSpi:	
   474                           
   475                           ; 1 bytes @ 0x5
   476  0075                     	ds	3
   477                           
   478                           	psect	cstackBANK0
   479  0020                     __pcstackBANK0:	
   480  0020                     ??_SlaveInit:	
   481  0020                     ??_InitDevice:	
   482                           ; 1 bytes @ 0x0
   483                           
   484  0020                     ?_ChangeRightMotorSpeed:	
   485                           ; 1 bytes @ 0x0
   486                           
   487  0020                     ChangeRightMotorSpeed@pwm:	
   488                           ; 1 bytes @ 0x0
   489                           
   490                           
   491                           ; 2 bytes @ 0x0
   492  0020                     	ds	2
   493  0022                     ??_ChangeRightMotorSpeed:	
   494  0022                     ??_main:	
   495                           ; 1 bytes @ 0x2
   496                           
   497                           
   498                           ; 1 bytes @ 0x2
   499  0022                     	ds	2
   500                           
   501                           	psect	maintext
   502  006D                     __pmaintext:	
   503 ;;
   504 ;;Main: autosize = 0, tempsize = 2, incstack = 0, save=0
   505 ;;
   506 ;; *************** function _main *****************
   507 ;; Defined at:
   508 ;;		line 28 in file "SPIPWM_ver01_main.c"
   509 ;; Parameters:    Size  Location     Type
   510 ;;		None
   511 ;; Auto vars:     Size  Location     Type
   512 ;;		None
   513 ;; Return value:  Size  Location     Type
   514 ;;                  1    wreg      void 
   515 ;; Registers used:
   516 ;;		wreg, status,2, status,0, pclath, cstack
   517 ;; Tracked objects:
   518 ;;		On entry : B1F/0
   519 ;;		On exit  : 0/0
   520 ;;		Unchanged: 0/0
   521 ;; Data sizes:     COMMON   BANK0   BANK1   BANK2   BANK3   BANK4
   522 ;;      Params:         0       0       0       0       0       0
   523 ;;      Locals:         0       0       0       0       0       0
   524 ;;      Temps:          0       2       0       0       0       0
   525 ;;      Totals:         0       2       0       0       0       0
   526 ;;Total ram usage:        2 bytes
   527 ;; Hardware stack levels required when called:    3
   528 ;; This function calls:
   529 ;;		_ChangeRightMotorSpeed
   530 ;;		_InitDevice
   531 ;;		_SlaveInit
   532 ;; This function is called by:
   533 ;;		Startup code after reset
   534 ;; This function uses a non-reentrant model
   535 ;;
   536                           
   537                           
   538                           ;psect for function _main
   539  006D                     _main:	
   540                           
   541                           ;SPIPWM_ver01_main.c: 30: SlaveInit();
   542                           
   543                           ;incstack = 0
   544                           ; Regs used in _main: [wreg+status,2+status,0+pclath+cstack]
   545  006D  3180  2038  3180   	fcall	_SlaveInit
   546                           
   547                           ;SPIPWM_ver01_main.c: 33: if(!InitDevice()){
   548  0070  3180  2057  3180   	fcall	_InitDevice
   549  0073                     l709:	
   550                           ;SPIPWM_ver01_main.c: 35: }
   551                           ;SPIPWM_ver01_main.c: 38: while(1)
   552                           
   553                           
   554                           ;SPIPWM_ver01_main.c: 39: {
   555                           ;SPIPWM_ver01_main.c: 40: ChangeRightMotorSpeed(PWM);
   556  0073  087A               	movf	_PWM,w
   557  0074  0020               	movlb	0	; select bank0
   558  0075  00A2               	movwf	??_main
   559  0076  01A3               	clrf	??_main+1
   560  0077  0822               	movf	??_main,w
   561  0078  00A0               	movwf	ChangeRightMotorSpeed@pwm
   562  0079  0823               	movf	??_main+1,w
   563  007A  00A1               	movwf	ChangeRightMotorSpeed@pwm+1
   564  007B  3180  2090  3180   	fcall	_ChangeRightMotorSpeed
   565  007E  2873               	goto	l709
   566  007F                     __end_of_main:	
   567                           
   568                           	psect	text1
   569  0038                     __ptext1:	
   570 ;; *************** function _SlaveInit *****************
   571 ;; Defined at:
   572 ;;		line 8 in file "SPIPWM_ver01.c"
   573 ;; Parameters:    Size  Location     Type
   574 ;;		None
   575 ;; Auto vars:     Size  Location     Type
   576 ;;		None
   577 ;; Return value:  Size  Location     Type
   578 ;;                  1    wreg      void 
   579 ;; Registers used:
   580 ;;		wreg, status,2
   581 ;; Tracked objects:
   582 ;;		On entry : 0/0
   583 ;;		On exit  : 0/0
   584 ;;		Unchanged: 0/0
   585 ;; Data sizes:     COMMON   BANK0   BANK1   BANK2   BANK3   BANK4
   586 ;;      Params:         0       0       0       0       0       0
   587 ;;      Locals:         0       0       0       0       0       0
   588 ;;      Temps:          0       0       0       0       0       0
   589 ;;      Totals:         0       0       0       0       0       0
   590 ;;Total ram usage:        0 bytes
   591 ;; Hardware stack levels used:    1
   592 ;; Hardware stack levels required when called:    2
   593 ;; This function calls:
   594 ;;		Nothing
   595 ;; This function is called by:
   596 ;;		_main
   597 ;; This function uses a non-reentrant model
   598 ;;
   599                           
   600                           
   601                           ;psect for function _SlaveInit
   602  0038                     _SlaveInit:	
   603                           
   604                           ;SPIPWM_ver01.c: 9: OSCCON = 0b00110100;
   605                           
   606                           ;incstack = 0
   607                           ; Regs used in _SlaveInit: [wreg+status,2]
   608  0038  3034               	movlw	52
   609  0039  0021               	movlb	1	; select bank1
   610  003A  0099               	movwf	25	;volatile
   611                           
   612                           ;SPIPWM_ver01.c: 11: ANSELA = 0b00000000;
   613  003B  0023               	movlb	3	; select bank3
   614  003C  018C               	clrf	12	;volatile
   615                           
   616                           ;SPIPWM_ver01.c: 12: TRISA = 0b00000001;
   617  003D  3001               	movlw	1
   618  003E  0021               	movlb	1	; select bank1
   619  003F  008C               	movwf	12	;volatile
   620                           
   621                           ;SPIPWM_ver01.c: 13: PORTA = 0b00000000;
   622  0040  0020               	movlb	0	; select bank0
   623  0041  018C               	clrf	12	;volatile
   624                           
   625                           ;SPIPWM_ver01.c: 16: ANSELB = 0b00000000;
   626  0042  0023               	movlb	3	; select bank3
   627  0043  018D               	clrf	13	;volatile
   628                           
   629                           ;SPIPWM_ver01.c: 17: TRISB = 0b00010010;
   630  0044  3012               	movlw	18
   631  0045  0021               	movlb	1	; select bank1
   632  0046  008D               	movwf	13	;volatile
   633                           
   634                           ;SPIPWM_ver01.c: 18: PORTB = 0b00000000;
   635  0047  0020               	movlb	0	; select bank0
   636  0048  018D               	clrf	13	;volatile
   637                           
   638                           ;SPIPWM_ver01.c: 20: SDO1SEL = 0;
   639  0049  0022               	movlb	2	; select bank2
   640  004A  131D               	bcf	29,6	;volatile
   641                           
   642                           ;SPIPWM_ver01.c: 21: SSP1CON1 = 0b00100100;
   643  004B  3024               	movlw	36
   644  004C  0024               	movlb	4	; select bank4
   645  004D  0095               	movwf	21	;volatile
   646                           
   647                           ;SPIPWM_ver01.c: 22: SSP1STAT = 0b01000000;
   648  004E  3040               	movlw	64
   649  004F  0094               	movwf	20	;volatile
   650                           
   651                           ;SPIPWM_ver01.c: 24: SSP1IF = 0;
   652  0050  0020               	movlb	0	; select bank0
   653  0051  1191               	bcf	17,3	;volatile
   654                           
   655                           ;SPIPWM_ver01.c: 25: SSP1IE = 1;
   656  0052  0021               	movlb	1	; select bank1
   657  0053  1591               	bsf	17,3	;volatile
   658                           
   659                           ;SPIPWM_ver01.c: 26: PEIE = 1;
   660  0054  170B               	bsf	11,6	;volatile
   661                           
   662                           ;SPIPWM_ver01.c: 27: GIE = 1;
   663  0055  178B               	bsf	11,7	;volatile
   664  0056  0008               	return
   665  0057                     __end_of_SlaveInit:	
   666                           
   667                           	psect	text2
   668  0057                     __ptext2:	
   669 ;; *************** function _InitDevice *****************
   670 ;; Defined at:
   671 ;;		line 45 in file "SPIPWM_ver01_main.c"
   672 ;; Parameters:    Size  Location     Type
   673 ;;		None
   674 ;; Auto vars:     Size  Location     Type
   675 ;;		None
   676 ;; Return value:  Size  Location     Type
   677 ;;                  1    wreg      unsigned char 
   678 ;; Registers used:
   679 ;;		wreg, status,2
   680 ;; Tracked objects:
   681 ;;		On entry : 0/0
   682 ;;		On exit  : 0/0
   683 ;;		Unchanged: 0/0
   684 ;; Data sizes:     COMMON   BANK0   BANK1   BANK2   BANK3   BANK4
   685 ;;      Params:         0       0       0       0       0       0
   686 ;;      Locals:         0       0       0       0       0       0
   687 ;;      Temps:          0       0       0       0       0       0
   688 ;;      Totals:         0       0       0       0       0       0
   689 ;;Total ram usage:        0 bytes
   690 ;; Hardware stack levels used:    1
   691 ;; Hardware stack levels required when called:    2
   692 ;; This function calls:
   693 ;;		Nothing
   694 ;; This function is called by:
   695 ;;		_main
   696 ;; This function uses a non-reentrant model
   697 ;;
   698                           
   699                           
   700                           ;psect for function _InitDevice
   701  0057                     _InitDevice:	
   702                           
   703                           ;SPIPWM_ver01_main.c: 48: OSCCON = 0b01110010;
   704                           
   705                           ;incstack = 0
   706                           ; Regs used in _InitDevice: [wreg+status,2]
   707  0057  3072               	movlw	114
   708  0058  0021               	movlb	1	; select bank1
   709  0059  0099               	movwf	25	;volatile
   710                           
   711                           ;SPIPWM_ver01_main.c: 51: TRISA = 0b00000000;
   712  005A  018C               	clrf	12	;volatile
   713                           
   714                           ;SPIPWM_ver01_main.c: 52: TRISB = 0b00000000;
   715  005B  018D               	clrf	13	;volatile
   716                           
   717                           ;SPIPWM_ver01_main.c: 55: ANSELA = 0b00000000;
   718  005C  0023               	movlb	3	; select bank3
   719  005D  018C               	clrf	12	;volatile
   720                           
   721                           ;SPIPWM_ver01_main.c: 56: ANSELB = 0b00000000;
   722  005E  018D               	clrf	13	;volatile
   723                           
   724                           ;SPIPWM_ver01_main.c: 59: CCP3CON = 0b00001100;
   725  005F  300C               	movlw	12
   726  0060  0026               	movlb	6	; select bank6
   727  0061  0093               	movwf	19	;volatile
   728                           
   729                           ;SPIPWM_ver01_main.c: 60: CCP4CON = 0b00001100;
   730  0062  300C               	movlw	12
   731  0063  009A               	movwf	26	;volatile
   732                           
   733                           ;SPIPWM_ver01_main.c: 63: CCPTMRS = 0b00000000;
   734  0064  0025               	movlb	5	; select bank5
   735  0065  019E               	clrf	30	;volatile
   736                           
   737                           ;SPIPWM_ver01_main.c: 66: T2CON = 0b00000100;
   738  0066  3004               	movlw	4
   739  0067  0020               	movlb	0	; select bank0
   740  0068  009C               	movwf	28	;volatile
   741                           
   742                           ;SPIPWM_ver01_main.c: 67: PR2 = 255;
   743  0069  30FF               	movlw	255
   744  006A  009B               	movwf	27	;volatile
   745                           
   746                           ;SPIPWM_ver01_main.c: 69: return 1;
   747  006B  3001               	movlw	1
   748  006C  0008               	return
   749  006D                     __end_of_InitDevice:	
   750                           
   751                           	psect	text3
   752  0090                     __ptext3:	
   753 ;; *************** function _ChangeRightMotorSpeed *****************
   754 ;; Defined at:
   755 ;;		line 74 in file "SPIPWM_ver01_main.c"
   756 ;; Parameters:    Size  Location     Type
   757 ;;  pwm             2    0[BANK0 ] int 
   758 ;; Auto vars:     Size  Location     Type
   759 ;;		None
   760 ;; Return value:  Size  Location     Type
   761 ;;                  1    wreg      unsigned char 
   762 ;; Registers used:
   763 ;;		wreg
   764 ;; Tracked objects:
   765 ;;		On entry : 0/0
   766 ;;		On exit  : 0/0
   767 ;;		Unchanged: 0/0
   768 ;; Data sizes:     COMMON   BANK0   BANK1   BANK2   BANK3   BANK4
   769 ;;      Params:         0       2       0       0       0       0
   770 ;;      Locals:         0       0       0       0       0       0
   771 ;;      Temps:          0       0       0       0       0       0
   772 ;;      Totals:         0       2       0       0       0       0
   773 ;;Total ram usage:        2 bytes
   774 ;; Hardware stack levels used:    1
   775 ;; Hardware stack levels required when called:    2
   776 ;; This function calls:
   777 ;;		Nothing
   778 ;; This function is called by:
   779 ;;		_main
   780 ;; This function uses a non-reentrant model
   781 ;;
   782                           
   783                           
   784                           ;psect for function _ChangeRightMotorSpeed
   785  0090                     _ChangeRightMotorSpeed:	
   786                           
   787                           ;SPIPWM_ver01_main.c: 76: CCPR3L = pwm;
   788                           
   789                           ;incstack = 0
   790                           ; Regs used in _ChangeRightMotorSpeed: [wreg]
   791  0090  0020               	movlb	0	; select bank0
   792  0091  0820               	movf	ChangeRightMotorSpeed@pwm,w
   793  0092  0026               	movlb	6	; select bank6
   794  0093  0091               	movwf	17	;volatile
   795  0094  0008               	return
   796  0095                     __end_of_ChangeRightMotorSpeed:	
   797                           ;SPIPWM_ver01_main.c: 77: return 1;
   798                           ;	Return value of _ChangeRightMotorSpeed is never used
   799                           
   800                           
   801                           	psect	intentry
   802  0004                     __pintentry:	
   803 ;; *************** function _OnInterSpi *****************
   804 ;; Defined at:
   805 ;;		line 15 in file "SPIPWM_ver01_main.c"
   806 ;; Parameters:    Size  Location     Type
   807 ;;		None
   808 ;; Auto vars:     Size  Location     Type
   809 ;;		None
   810 ;; Return value:  Size  Location     Type
   811 ;;                  1    wreg      void 
   812 ;; Registers used:
   813 ;;		wreg, status,2, status,0, pclath, cstack
   814 ;; Tracked objects:
   815 ;;		On entry : 0/0
   816 ;;		On exit  : 0/0
   817 ;;		Unchanged: 0/0
   818 ;; Data sizes:     COMMON   BANK0   BANK1   BANK2   BANK3   BANK4
   819 ;;      Params:         0       0       0       0       0       0
   820 ;;      Locals:         0       0       0       0       0       0
   821 ;;      Temps:          3       0       0       0       0       0
   822 ;;      Totals:         3       0       0       0       0       0
   823 ;;Total ram usage:        3 bytes
   824 ;; Hardware stack levels used:    1
   825 ;; Hardware stack levels required when called:    1
   826 ;; This function calls:
   827 ;;		_SlaveRec
   828 ;;		_SlaveSen
   829 ;;		_SlaveStart
   830 ;; This function is called by:
   831 ;;		Interrupt level 1
   832 ;; This function uses a non-reentrant model
   833 ;;
   834                           
   835  0004                     _OnInterSpi:	
   836                           
   837                           ;incstack = 0
   838  0004  147E               	bsf	126,0	;set compiler interrupt flag (level 1)
   839                           
   840                           ; Regs used in _OnInterSpi: [wreg+status,2+status,0+pclath+cstack]
   841  0005  3180               	pagesel	$
   842  0006  0020               	movlb	0	; select bank0
   843  0007  087F               	movf	127,w
   844  0008  00F7               	movwf	??_OnInterSpi+2
   845                           
   846                           ;SPIPWM_ver01_main.c: 17: SlaveStart();
   847  0009  3180  2095  3180   	fcall	_SlaveStart
   848                           
   849                           ;SPIPWM_ver01_main.c: 18: jusinData = SlaveRec();
   850  000C  3180  207F  3180   	fcall	_SlaveRec
   851  000F  0871               	movf	?_SlaveRec+1,w
   852  0010  0020               	movlb	0	; select bank0
   853  0011  00A5               	movwf	_jusinData+1
   854  0012  0870               	movf	?_SlaveRec,w
   855  0013  00A4               	movwf	_jusinData
   856                           
   857                           ;SPIPWM_ver01_main.c: 19: PWM = jusinData;
   858  0014  0824               	movf	_jusinData,w
   859  0015  00F5               	movwf	??_OnInterSpi
   860  0016  0875               	movf	??_OnInterSpi,w
   861  0017  00FA               	movwf	_PWM
   862                           
   863                           ;SPIPWM_ver01_main.c: 20: sousinData = PWM;
   864  0018  087A               	movf	_PWM,w
   865  0019  00F5               	movwf	??_OnInterSpi
   866  001A  01F6               	clrf	??_OnInterSpi+1
   867  001B  0875               	movf	??_OnInterSpi,w
   868  001C  00F8               	movwf	_sousinData
   869  001D  0876               	movf	??_OnInterSpi+1,w
   870  001E  00F9               	movwf	_sousinData+1
   871                           
   872                           ;SPIPWM_ver01_main.c: 21: SlaveSen(sousinData);
   873  001F  0879               	movf	_sousinData+1,w
   874  0020  00F1               	movwf	SlaveSen@sendData+1
   875  0021  0878               	movf	_sousinData,w
   876  0022  00F0               	movwf	SlaveSen@sendData
   877  0023  3180  209A         	fcall	_SlaveSen
   878  0025  0877               	movf	??_OnInterSpi+2,w
   879  0026  0020               	movlb	0	; select bank0
   880  0027  00FF               	movwf	127
   881  0028  107E               	bcf	126,0	;clear compiler interrupt flag (level 1)
   882  0029  0009               	retfie
   883  002A                     __end_of_OnInterSpi:	
   884                           
   885                           	psect	text5
   886  0095                     __ptext5:	
   887 ;; *************** function _SlaveStart *****************
   888 ;; Defined at:
   889 ;;		line 30 in file "SPIPWM_ver01.c"
   890 ;; Parameters:    Size  Location     Type
   891 ;;		None
   892 ;; Auto vars:     Size  Location     Type
   893 ;;		None
   894 ;; Return value:  Size  Location     Type
   895 ;;                  1    wreg      void 
   896 ;; Registers used:
   897 ;;		None
   898 ;; Tracked objects:
   899 ;;		On entry : 0/0
   900 ;;		On exit  : 0/0
   901 ;;		Unchanged: 0/0
   902 ;; Data sizes:     COMMON   BANK0   BANK1   BANK2   BANK3   BANK4
   903 ;;      Params:         0       0       0       0       0       0
   904 ;;      Locals:         0       0       0       0       0       0
   905 ;;      Temps:          0       0       0       0       0       0
   906 ;;      Totals:         0       0       0       0       0       0
   907 ;;Total ram usage:        0 bytes
   908 ;; Hardware stack levels used:    1
   909 ;; This function calls:
   910 ;;		Nothing
   911 ;; This function is called by:
   912 ;;		_OnInterSpi
   913 ;; This function uses a non-reentrant model
   914 ;;
   915                           
   916                           
   917                           ;psect for function _SlaveStart
   918  0095                     _SlaveStart:	
   919                           
   920                           ;SPIPWM_ver01.c: 31: if (SSP1IF == 1){
   921                           
   922                           ;incstack = 0
   923                           ; Regs used in _SlaveStart: []
   924  0095  0020               	movlb	0	; select bank0
   925  0096  1D91               	btfss	17,3	;volatile
   926  0097  0008               	return
   927                           
   928                           ;SPIPWM_ver01.c: 32: SSP1IF = 0;
   929  0098  1191               	bcf	17,3	;volatile
   930  0099  0008               	return
   931  009A                     __end_of_SlaveStart:	
   932                           
   933                           	psect	text6
   934  009A                     __ptext6:	
   935 ;; *************** function _SlaveSen *****************
   936 ;; Defined at:
   937 ;;		line 45 in file "SPIPWM_ver01.c"
   938 ;; Parameters:    Size  Location     Type
   939 ;;  sendData        2    0[COMMON] int 
   940 ;; Auto vars:     Size  Location     Type
   941 ;;		None
   942 ;; Return value:  Size  Location     Type
   943 ;;                  1    wreg      void 
   944 ;; Registers used:
   945 ;;		wreg
   946 ;; Tracked objects:
   947 ;;		On entry : 0/0
   948 ;;		On exit  : 0/0
   949 ;;		Unchanged: 0/0
   950 ;; Data sizes:     COMMON   BANK0   BANK1   BANK2   BANK3   BANK4
   951 ;;      Params:         2       0       0       0       0       0
   952 ;;      Locals:         0       0       0       0       0       0
   953 ;;      Temps:          0       0       0       0       0       0
   954 ;;      Totals:         2       0       0       0       0       0
   955 ;;Total ram usage:        2 bytes
   956 ;; Hardware stack levels used:    1
   957 ;; This function calls:
   958 ;;		Nothing
   959 ;; This function is called by:
   960 ;;		_OnInterSpi
   961 ;; This function uses a non-reentrant model
   962 ;;
   963                           
   964                           
   965                           ;psect for function _SlaveSen
   966  009A                     _SlaveSen:	
   967                           
   968                           ;SPIPWM_ver01.c: 47: SSP1BUF = sendData;
   969                           
   970                           ;incstack = 0
   971                           ; Regs used in _SlaveSen: [wreg]
   972  009A  0870               	movf	SlaveSen@sendData,w
   973  009B  0024               	movlb	4	; select bank4
   974  009C  0091               	movwf	17	;volatile
   975  009D  0008               	return
   976  009E                     __end_of_SlaveSen:	
   977                           
   978                           	psect	text7
   979  007F                     __ptext7:	
   980 ;; *************** function _SlaveRec *****************
   981 ;; Defined at:
   982 ;;		line 37 in file "SPIPWM_ver01.c"
   983 ;; Parameters:    Size  Location     Type
   984 ;;		None
   985 ;; Auto vars:     Size  Location     Type
   986 ;;  read_data       1    4[COMMON] unsigned char 
   987 ;; Return value:  Size  Location     Type
   988 ;;                  2    0[COMMON] int 
   989 ;; Registers used:
   990 ;;		wreg
   991 ;; Tracked objects:
   992 ;;		On entry : 0/0
   993 ;;		On exit  : 0/0
   994 ;;		Unchanged: 0/0
   995 ;; Data sizes:     COMMON   BANK0   BANK1   BANK2   BANK3   BANK4
   996 ;;      Params:         2       0       0       0       0       0
   997 ;;      Locals:         1       0       0       0       0       0
   998 ;;      Temps:          2       0       0       0       0       0
   999 ;;      Totals:         5       0       0       0       0       0
  1000 ;;Total ram usage:        5 bytes
  1001 ;; Hardware stack levels used:    1
  1002 ;; This function calls:
  1003 ;;		Nothing
  1004 ;; This function is called by:
  1005 ;;		_OnInterSpi
  1006 ;; This function uses a non-reentrant model
  1007 ;;
  1008                           
  1009                           
  1010                           ;psect for function _SlaveRec
  1011  007F                     _SlaveRec:	
  1012                           
  1013                           ;SPIPWM_ver01.c: 39: unsigned char read_data;
  1014                           ;SPIPWM_ver01.c: 40: read_data = SSP1BUF;
  1015                           
  1016                           ;incstack = 0
  1017                           ; Regs used in _SlaveRec: [wreg]
  1018  007F  0024               	movlb	4	; select bank4
  1019  0080  0811               	movf	17,w	;volatile
  1020  0081  00F2               	movwf	??_SlaveRec
  1021  0082  0872               	movf	??_SlaveRec,w
  1022  0083  00F4               	movwf	SlaveRec@read_data
  1023                           
  1024                           ;SPIPWM_ver01.c: 41: return_data = read_data;
  1025  0084  0874               	movf	SlaveRec@read_data,w
  1026  0085  00F2               	movwf	??_SlaveRec
  1027  0086  0872               	movf	??_SlaveRec,w
  1028  0087  00FC               	movwf	_return_data
  1029                           
  1030                           ;SPIPWM_ver01.c: 42: return return_data;
  1031  0088  087C               	movf	_return_data,w
  1032  0089  00F2               	movwf	??_SlaveRec
  1033  008A  01F3               	clrf	??_SlaveRec+1
  1034  008B  0872               	movf	??_SlaveRec,w
  1035  008C  00F0               	movwf	?_SlaveRec
  1036  008D  0873               	movf	??_SlaveRec+1,w
  1037  008E  00F1               	movwf	?_SlaveRec+1
  1038  008F  0008               	return
  1039  0090                     __end_of_SlaveRec:	
  1040  007E                     btemp	set	126	;btemp
  1041  007E                     int$flags	set	126
  1042  007E                     wtemp0	set	126


Data Sizes:
    Strings     0
    Constant    0
    Data        0
    BSS         7
    Persistent  0
    Stack       0

Auto Spaces:
    Space          Size  Autos    Used
    COMMON           14      8      13
    BANK0            80      4       6
    BANK1            80      0       0
    BANK2            80      0       0
    BANK3            80      0       0
    BANK4            48      0       0

Pointer List with Targets:

    None.

Critical Paths under _main in COMMON

    None.

Critical Paths under _OnInterSpi in COMMON

    _OnInterSpi->_SlaveRec

Critical Paths under _main in BANK0

    _main->_ChangeRightMotorSpeed

Critical Paths under _OnInterSpi in BANK0

    None.

Critical Paths under _main in BANK1

    None.

Critical Paths under _OnInterSpi in BANK1

    None.

Critical Paths under _main in BANK2

    None.

Critical Paths under _OnInterSpi in BANK2

    None.

Critical Paths under _main in BANK3

    None.

Critical Paths under _OnInterSpi in BANK3

    None.

Critical Paths under _main in BANK4

    None.

Critical Paths under _OnInterSpi in BANK4

    None.

Call Graph Tables:

 ---------------------------------------------------------------------------------
 (Depth) Function   	        Calls       Base Space   Used Autos Params    Refs
 ---------------------------------------------------------------------------------
 (0) _main                                                 2     2      0      75
                                              2 BANK0      2     2      0
              _ChangeRightMotorSpeed
                         _InitDevice
                          _SlaveInit
 ---------------------------------------------------------------------------------
 (1) _SlaveInit                                            0     0      0       0
 ---------------------------------------------------------------------------------
 (1) _InitDevice                                           0     0      0       0
 ---------------------------------------------------------------------------------
 (1) _ChangeRightMotorSpeed                                2     0      2      75
                                              0 BANK0      2     0      2
 ---------------------------------------------------------------------------------
 Estimated maximum stack depth 1
 ---------------------------------------------------------------------------------
 (Depth) Function   	        Calls       Base Space   Used Autos Params    Refs
 ---------------------------------------------------------------------------------
 (2) _OnInterSpi                                           3     3      0      98
                                              5 COMMON     3     3      0
                           _SlaveRec
                           _SlaveSen
                         _SlaveStart
 ---------------------------------------------------------------------------------
 (3) _SlaveStart                                           0     0      0       0
 ---------------------------------------------------------------------------------
 (3) _SlaveSen                                             2     0      2      75
                                              0 COMMON     2     0      2
 ---------------------------------------------------------------------------------
 (3) _SlaveRec                                             5     3      2      23
                                              0 COMMON     5     3      2
 ---------------------------------------------------------------------------------
 Estimated maximum stack depth 3
 ---------------------------------------------------------------------------------

 Call Graph Graphs:

 _main (ROOT)
   _ChangeRightMotorSpeed
   _InitDevice
   _SlaveInit

 _OnInterSpi (ROOT)
   _SlaveRec
   _SlaveSen
   _SlaveStart

 Address spaces:
Name               Size   Autos  Total    Cost      Usage
BIGRAM             170      0       0       0        0.0%
EEDATA             100      0       0       0        0.0%
NULL                 0      0       0       0        0.0%
CODE                 0      0       0       0        0.0%
BITCOMMON            E      0       0       1        0.0%
BITSFR0              0      0       0       1        0.0%
SFR0                 0      0       0       1        0.0%
COMMON               E      8       D       2       92.9%
BITSFR1              0      0       0       2        0.0%
SFR1                 0      0       0       2        0.0%
BITSFR2              0      0       0       3        0.0%
SFR2                 0      0       0       3        0.0%
STACK                0      0       0       3        0.0%
BITSFR3              0      0       0       4        0.0%
SFR3                 0      0       0       4        0.0%
ABS                  0      0      13       4        0.0%
BITBANK0            50      0       0       5        0.0%
BITSFR4              0      0       0       5        0.0%
SFR4                 0      0       0       5        0.0%
BANK0               50      4       6       6        7.5%
BITSFR5              0      0       0       6        0.0%
SFR5                 0      0       0       6        0.0%
BITBANK1            50      0       0       7        0.0%
BITSFR6              0      0       0       7        0.0%
SFR6                 0      0       0       7        0.0%
BANK1               50      0       0       8        0.0%
BITSFR7              0      0       0       8        0.0%
SFR7                 0      0       0       8        0.0%
BITBANK2            50      0       0       9        0.0%
BITSFR8              0      0       0       9        0.0%
SFR8                 0      0       0       9        0.0%
BANK2               50      0       0      10        0.0%
BITSFR9              0      0       0      10        0.0%
SFR9                 0      0       0      10        0.0%
BITBANK3            50      0       0      11        0.0%
BITSFR10             0      0       0      11        0.0%
SFR10                0      0       0      11        0.0%
BANK3               50      0       0      12        0.0%
BITSFR11             0      0       0      12        0.0%
SFR11                0      0       0      12        0.0%
BITBANK4            30      0       0      13        0.0%
BITSFR12             0      0       0      13        0.0%
SFR12                0      0       0      13        0.0%
BANK4               30      0       0      14        0.0%
BITSFR13             0      0       0      14        0.0%
SFR13                0      0       0      14        0.0%
BITSFR14             0      0       0      15        0.0%
SFR14                0      0       0      15        0.0%
DATA                 0      0      13      15        0.0%
BITSFR15             0      0       0      16        0.0%
SFR15                0      0       0      16        0.0%
BITSFR16             0      0       0      17        0.0%
SFR16                0      0       0      17        0.0%
BITSFR17             0      0       0      18        0.0%
SFR17                0      0       0      18        0.0%
BITSFR18             0      0       0      19        0.0%
SFR18                0      0       0      19        0.0%
BITSFR19             0      0       0      20        0.0%
SFR19                0      0       0      20        0.0%
BITSFR20             0      0       0      21        0.0%
SFR20                0      0       0      21        0.0%
BITSFR21             0      0       0      22        0.0%
SFR21                0      0       0      22        0.0%
BITSFR22             0      0       0      23        0.0%
SFR22                0      0       0      23        0.0%
BITSFR23             0      0       0      24        0.0%
SFR23                0      0       0      24        0.0%
BITSFR24             0      0       0      25        0.0%
SFR24                0      0       0      25        0.0%
BITSFR25             0      0       0      26        0.0%
SFR25                0      0       0      26        0.0%
BITSFR26             0      0       0      27        0.0%
SFR26                0      0       0      27        0.0%
BITSFR27             0      0       0      28        0.0%
SFR27                0      0       0      28        0.0%
BITSFR28             0      0       0      29        0.0%
SFR28                0      0       0      29        0.0%
BITSFR29             0      0       0      30        0.0%
SFR29                0      0       0      30        0.0%
BITSFR30             0      0       0      31        0.0%
SFR30                0      0       0      31        0.0%
BITSFR31             0      0       0      32        0.0%
SFR31                0      0       0      32        0.0%


Microchip Technology PIC Macro Assembler V1.45 build -152302408 
Symbol Table                                                                                   Thu Sep 13 15:28:14 2018

       ??_ChangeRightMotorSpeed 0022                     __CFG_CP$OFF 0000                             l709 0073  
                           _GIE 005F                             _PR2 001B                    __CFG_CPD$OFF 0000  
                           _PWM 007A                    __CFG_BORV$HI 0000                    __CFG_LVP$OFF 0000  
                          _PEIE 005E                    __CFG_WRT$OFF 0000                            _main 006D  
      ChangeRightMotorSpeed@pwm 0020                            btemp 007E                   __CFG_BOREN$ON 0000  
                          start 002A                   __CFG_IESO$OFF 0000                   __CFG_MCLRE$ON 0000  
                 __CFG_PLLEN$ON 0000                           ?_main 0070                   __CFG_WDTE$OFF 0000  
                         _T2CON 001C                           _PORTA 000C                           _PORTB 000D  
                         _TRISA 008C                           _TRISB 008D                  __CFG_FCMEN$OFF 0000  
             SlaveRec@read_data 0074                           wtemp0 007E                      _InitDevice 0057  
                    _OnInterSpi 0004                 __initialization 002C                    __end_of_main 007F  
                        ??_main 0022                __end_of_SlaveRec 0090                __end_of_SlaveSen 009E  
                        _CCPR3L 0311                          _ANSELA 018C                          _ANSELB 018D  
                        _OSCCON 0099                          _SSP1IE 048B                          _SSP1IF 008B  
                __CFG_PWRTE$OFF 0000                      _SlaveStart 0095              __size_of_SlaveInit 001F  
       __end_of__initialization 0034                     ?_InitDevice 0070                     ?_OnInterSpi 0070  
                __pcstackCOMMON 0070  __size_of_ChangeRightMotorSpeed 0005   __end_of_ChangeRightMotorSpeed 0095  
                    __pbssBANK0 0024               __end_of_SlaveInit 0057                       ?_SlaveRec 0070  
                     ?_SlaveSen 0070                      __pmaintext 006D                     ?_SlaveStart 0070  
                    __pintentry 0004                         _CCP3CON 0313                         _CCP4CON 031A  
                       _CCPTMRS 029E                         _SDO1SEL 08EE             __size_of_InitDevice 0016  
           __size_of_OnInterSpi 0026                         _SSP1BUF 0211                      ??_SlaveRec 0072  
                    ??_SlaveSen 0072                 __CFG_STVREN$OFF 0000                         __ptext1 0038  
                       __ptext2 0057                         __ptext3 0090                         __ptext5 0095  
                       __ptext6 009A                         __ptext7 007F             __size_of_SlaveStart 0005  
          end_of_initialization 0034                __CFG_FOSC$INTOSC 0000                    ??_InitDevice 0020  
                  ??_OnInterSpi 0075                      _sousinData 0078             start_initialization 002C  
            __end_of_InitDevice 006D              __end_of_OnInterSpi 002A                       _SlaveInit 0038  
                  ??_SlaveStart 0070               __size_of_SlaveRec 0011               __size_of_SlaveSen 0004  
         _ChangeRightMotorSpeed 0090                     __pbssCOMMON 0078                       ___latbits 0001  
                 __pcstackBANK0 0020              __end_of_SlaveStart 009A                      ?_SlaveInit 0070  
              SlaveSen@sendData 0070                       _read_data 007B                       _jusinData 0024  
                      _SSP1CON1 0215                        _SSP1STAT 0214          ?_ChangeRightMotorSpeed 0020  
                   ??_SlaveInit 0020                        _SlaveRec 007F                        _SlaveSen 009A  
                 __size_of_main 0012                        int$flags 007E                        intlevel1 0000  
             __CFG_CLKOUTEN$OFF 0000                     _return_data 007C  
