

Microchip Technology PIC LITE Macro Assembler V1.45 build -152302408 
                                                                                               Wed Sep 12 18:53:49 2018

Microchip Technology Omniscient Code Generator v1.45 (Free mode) build 201711160504
     1                           	processor	16F1827
     2                           	opt	pw 120
     3                           	opt	lm
     4                           	psect	cinit,global,class=CODE,merge=1,delta=2
     5                           	psect	bssCOMMON,global,class=COMMON,space=1,delta=1
     6                           	psect	cstackCOMMON,global,class=COMMON,space=1,delta=1
     7                           	psect	maintext,global,class=CODE,merge=1,split=1,delta=2
     8                           	psect	text1,local,class=CODE,merge=1,delta=2
     9                           	psect	intentry,global,class=CODE,delta=2
    10                           	psect	text3,local,class=CODE,merge=1,delta=2
    11                           	dabs	1,0x7E,2
    12  0000                     
    13                           ; Version 1.45
    14                           ; Generated 16/11/2017 GMT
    15                           ; 
    16                           ; Copyright © 2017, Microchip Technology Inc. and its subsidiaries ("Microchip")
    17                           ; All rights reserved.
    18                           ; 
    19                           ; This software is developed by Microchip Technology Inc. and its subsidiaries ("Microch
      +                          ip").
    20                           ; 
    21                           ; Redistribution and use in source and binary forms, with or without modification, are
    22                           ; permitted provided that the following conditions are met:
    23                           ; 
    24                           ;     1. Redistributions of source code must retain the above copyright notice, this lis
      +                          t of
    25                           ;        conditions and the following disclaimer.
    26                           ; 
    27                           ;     2. Redistributions in binary form must reproduce the above copyright notice, this 
      +                          list
    28                           ;        of conditions and the following disclaimer in the documentation and/or other
    29                           ;        materials provided with the distribution.
    30                           ; 
    31                           ;     3. Microchip's name may not be used to endorse or promote products derived from th
      +                          is
    32                           ;        software without specific prior written permission.
    33                           ; 
    34                           ; THIS SOFTWARE IS PROVIDED BY MICROCHIP "AS IS" AND ANY EXPRESS OR IMPLIED WARRANTIES,
    35                           ; INCLUDING, BUT NOT LIMITED TO, THE IMPLIED WARRANTIES OF MERCHANTABILITY AND FITNESS F
      +                          OR
    36                           ; PURPOSE ARE DISCLAIMED.  IN NO EVENT SHALL MICROCHIP BE LIABLE FOR ANY DIRECT, INDIREC
      +                          T,
    37                           ; INCIDENTAL, SPECIAL, EXEMPLARY, OR CONSEQUENTIAL DAMAGES (INCLUDING BUT NOT LIMITED TO
    38                           ; PROCUREMENT OF SUBSTITUTE GOODS OR SERVICES; LOSS OF USE, DATA OR PROFITS; OR BUSINESS
    39                           ; INTERRUPTION) HOWSOEVER CAUSED AND ON ANY THEORY OF LIABILITY, WHETHER IN CONTRACT, ST
      +                          RICT
    40                           ; LIABILITY, OR TORT (INCLUDING NEGLIGENCE OR OTHERWISE) ARISING IN ANY WAY OUT OF THE U
      +                          SE OF
    41                           ; THIS SOFTWARE, EVEN IF ADVISED OF THE POSSIBILITY OF SUCH DAMAGE.
    42                           ; 
    43                           ; 
    44                           ; Code-generator required, PIC16F1827 Definitions
    45                           ; 
    46                           ; SFR Addresses
    47  0000                     	;# 
    48  0001                     	;# 
    49  0002                     	;# 
    50  0003                     	;# 
    51  0004                     	;# 
    52  0005                     	;# 
    53  0006                     	;# 
    54  0007                     	;# 
    55  0008                     	;# 
    56  0009                     	;# 
    57  000A                     	;# 
    58  000B                     	;# 
    59  000C                     	;# 
    60  000D                     	;# 
    61  0011                     	;# 
    62  0012                     	;# 
    63  0013                     	;# 
    64  0014                     	;# 
    65  0015                     	;# 
    66  0016                     	;# 
    67  0016                     	;# 
    68  0017                     	;# 
    69  0018                     	;# 
    70  0019                     	;# 
    71  001A                     	;# 
    72  001B                     	;# 
    73  001C                     	;# 
    74  001E                     	;# 
    75  001F                     	;# 
    76  008C                     	;# 
    77  008D                     	;# 
    78  0091                     	;# 
    79  0092                     	;# 
    80  0093                     	;# 
    81  0094                     	;# 
    82  0095                     	;# 
    83  0096                     	;# 
    84  0097                     	;# 
    85  0098                     	;# 
    86  0099                     	;# 
    87  009A                     	;# 
    88  009B                     	;# 
    89  009B                     	;# 
    90  009C                     	;# 
    91  009D                     	;# 
    92  009E                     	;# 
    93  010C                     	;# 
    94  010D                     	;# 
    95  0111                     	;# 
    96  0112                     	;# 
    97  0113                     	;# 
    98  0114                     	;# 
    99  0115                     	;# 
   100  0116                     	;# 
   101  0117                     	;# 
   102  0118                     	;# 
   103  0119                     	;# 
   104  011A                     	;# 
   105  011B                     	;# 
   106  011D                     	;# 
   107  011E                     	;# 
   108  018C                     	;# 
   109  018D                     	;# 
   110  0191                     	;# 
   111  0191                     	;# 
   112  0192                     	;# 
   113  0193                     	;# 
   114  0193                     	;# 
   115  0193                     	;# 
   116  0194                     	;# 
   117  0195                     	;# 
   118  0196                     	;# 
   119  0199                     	;# 
   120  019A                     	;# 
   121  019B                     	;# 
   122  019B                     	;# 
   123  019B                     	;# 
   124  019B                     	;# 
   125  019C                     	;# 
   126  019C                     	;# 
   127  019D                     	;# 
   128  019E                     	;# 
   129  019F                     	;# 
   130  020C                     	;# 
   131  020D                     	;# 
   132  0211                     	;# 
   133  0211                     	;# 
   134  0212                     	;# 
   135  0212                     	;# 
   136  0213                     	;# 
   137  0213                     	;# 
   138  0214                     	;# 
   139  0214                     	;# 
   140  0215                     	;# 
   141  0215                     	;# 
   142  0215                     	;# 
   143  0216                     	;# 
   144  0216                     	;# 
   145  0217                     	;# 
   146  0217                     	;# 
   147  0219                     	;# 
   148  021A                     	;# 
   149  021B                     	;# 
   150  021C                     	;# 
   151  021D                     	;# 
   152  021E                     	;# 
   153  021F                     	;# 
   154  0291                     	;# 
   155  0291                     	;# 
   156  0292                     	;# 
   157  0293                     	;# 
   158  0294                     	;# 
   159  0295                     	;# 
   160  0295                     	;# 
   161  0296                     	;# 
   162  0298                     	;# 
   163  0298                     	;# 
   164  0299                     	;# 
   165  029A                     	;# 
   166  029B                     	;# 
   167  029C                     	;# 
   168  029C                     	;# 
   169  029D                     	;# 
   170  029E                     	;# 
   171  029E                     	;# 
   172  0311                     	;# 
   173  0311                     	;# 
   174  0312                     	;# 
   175  0313                     	;# 
   176  0318                     	;# 
   177  0318                     	;# 
   178  0319                     	;# 
   179  031A                     	;# 
   180  0394                     	;# 
   181  0395                     	;# 
   182  0396                     	;# 
   183  039A                     	;# 
   184  039C                     	;# 
   185  039D                     	;# 
   186  039E                     	;# 
   187  039F                     	;# 
   188  0415                     	;# 
   189  0416                     	;# 
   190  0417                     	;# 
   191  041C                     	;# 
   192  041D                     	;# 
   193  041E                     	;# 
   194  0FE4                     	;# 
   195  0FE5                     	;# 
   196  0FE6                     	;# 
   197  0FE7                     	;# 
   198  0FE8                     	;# 
   199  0FE9                     	;# 
   200  0FEA                     	;# 
   201  0FEB                     	;# 
   202  0FED                     	;# 
   203  0FEE                     	;# 
   204  0FEF                     	;# 
   205  000D                     _PORTB	set	13
   206  000C                     _PORTA	set	12
   207  005F                     _GIE	set	95
   208  005E                     _PEIE	set	94
   209  008B                     _SSP1IF	set	139
   210  008D                     _TRISB	set	141
   211  008C                     _TRISA	set	140
   212  0099                     _OSCCON	set	153
   213  048B                     _SSP1IE	set	1163
   214  08EE                     _SDO1SEL	set	2286
   215  018D                     _ANSELB	set	397
   216  018C                     _ANSELA	set	396
   217  0211                     _SSP1BUF	set	529
   218  0214                     _SSP1STAT	set	532
   219  0215                     _SSP1CON1	set	533
   220                           
   221                           ; #config settings
   222  0000                     
   223                           	psect	cinit
   224  0012                     start_initialization:	
   225  0012                     __initialization:	
   226                           
   227                           ; Clear objects allocated to COMMON
   228  0012  01F0               	clrf	__pbssCOMMON& (0+127)
   229  0013  01F1               	clrf	(__pbssCOMMON+1)& (0+127)
   230  0014                     end_of_initialization:	
   231                           ;End of C runtime variable initialization code
   232                           
   233  0014                     __end_of__initialization:	
   234  0014  107E               	bcf	int$flags,0	;clear compiler interrupt flag (level 1)
   235  0015  0020               	movlb	0
   236  0016  3180  2851         	ljmp	_main	;jump to C main() function
   237                           
   238                           	psect	bssCOMMON
   239  0070                     __pbssCOMMON:	
   240  0070                     _read_data:	
   241  0070                     	ds	1
   242  0071                     _return_data:	
   243  0071                     	ds	1
   244                           
   245                           	psect	cstackCOMMON
   246  0072                     __pcstackCOMMON:	
   247  0072                     ?_SlaveStart:	
   248  0072                     ??_SlaveStart:	
   249                           ; 1 bytes @ 0x0
   250                           
   251  0072                     ?_SlaveInit:	
   252                           ; 1 bytes @ 0x0
   253                           
   254  0072                     ?_OnInterSpi:	
   255                           ; 1 bytes @ 0x0
   256                           
   257  0072                     ?_main:	
   258                           ; 1 bytes @ 0x0
   259                           
   260                           
   261                           ; 1 bytes @ 0x0
   262  0072                     	ds	1
   263  0073                     ??_OnInterSpi:	
   264                           
   265                           ; 1 bytes @ 0x1
   266  0073                     	ds	1
   267  0074                     ??_SlaveInit:	
   268  0074                     ??_main:	
   269                           ; 1 bytes @ 0x2
   270                           
   271                           
   272                           	psect	maintext
   273  0051                     __pmaintext:	
   274                           ; 1 bytes @ 0x2
   275 ;;
   276 ;;Main: autosize = 0, tempsize = 0, incstack = 0, save=0
   277 ;;
   278 ;; *************** function _main *****************
   279 ;; Defined at:
   280 ;;		line 10 in file "SPI_ver05_main.c"
   281 ;; Parameters:    Size  Location     Type
   282 ;;		None
   283 ;; Auto vars:     Size  Location     Type
   284 ;;		None
   285 ;; Return value:  Size  Location     Type
   286 ;;                  1    wreg      void 
   287 ;; Registers used:
   288 ;;		wreg, status,2, status,0, pclath, cstack
   289 ;; Tracked objects:
   290 ;;		On entry : B1F/0
   291 ;;		On exit  : 0/0
   292 ;;		Unchanged: 0/0
   293 ;; Data sizes:     COMMON   BANK0   BANK1   BANK2   BANK3   BANK4
   294 ;;      Params:         0       0       0       0       0       0
   295 ;;      Locals:         0       0       0       0       0       0
   296 ;;      Temps:          0       0       0       0       0       0
   297 ;;      Totals:         0       0       0       0       0       0
   298 ;;Total ram usage:        0 bytes
   299 ;; Hardware stack levels required when called:    3
   300 ;; This function calls:
   301 ;;		_SlaveInit
   302 ;; This function is called by:
   303 ;;		Startup code after reset
   304 ;; This function uses a non-reentrant model
   305 ;;
   306                           
   307                           
   308                           ;psect for function _main
   309  0051                     _main:	
   310                           
   311                           ;SPI_ver05_main.c: 12: SlaveInit();
   312                           
   313                           ;incstack = 0
   314                           ; Regs used in _main: [wreg+status,2+status,0+pclath+cstack]
   315  0051  3180  2018  3180   	fcall	_SlaveInit
   316  0054                     l18:	
   317                           ;SPI_ver05_main.c: 14: while(1) ;
   318                           
   319  0054  2854               	goto	l18
   320  0055                     __end_of_main:	
   321                           
   322                           	psect	text1
   323  0018                     __ptext1:	
   324 ;; *************** function _SlaveInit *****************
   325 ;; Defined at:
   326 ;;		line 7 in file "SPI_ver05_slave.c"
   327 ;; Parameters:    Size  Location     Type
   328 ;;		None
   329 ;; Auto vars:     Size  Location     Type
   330 ;;		None
   331 ;; Return value:  Size  Location     Type
   332 ;;                  1    wreg      void 
   333 ;; Registers used:
   334 ;;		wreg, status,2
   335 ;; Tracked objects:
   336 ;;		On entry : 0/0
   337 ;;		On exit  : 0/0
   338 ;;		Unchanged: 0/0
   339 ;; Data sizes:     COMMON   BANK0   BANK1   BANK2   BANK3   BANK4
   340 ;;      Params:         0       0       0       0       0       0
   341 ;;      Locals:         0       0       0       0       0       0
   342 ;;      Temps:          0       0       0       0       0       0
   343 ;;      Totals:         0       0       0       0       0       0
   344 ;;Total ram usage:        0 bytes
   345 ;; Hardware stack levels used:    1
   346 ;; Hardware stack levels required when called:    2
   347 ;; This function calls:
   348 ;;		Nothing
   349 ;; This function is called by:
   350 ;;		_main
   351 ;; This function uses a non-reentrant model
   352 ;;
   353                           
   354                           
   355                           ;psect for function _SlaveInit
   356  0018                     _SlaveInit:	
   357                           
   358                           ;SPI_ver05_slave.c: 8: OSCCON = 0b00110100;
   359                           
   360                           ;incstack = 0
   361                           ; Regs used in _SlaveInit: [wreg+status,2]
   362  0018  3034               	movlw	52
   363  0019  0021               	movlb	1	; select bank1
   364  001A  0099               	movwf	25	;volatile
   365                           
   366                           ;SPI_ver05_slave.c: 10: ANSELA = 0b00000000;
   367  001B  0023               	movlb	3	; select bank3
   368  001C  018C               	clrf	12	;volatile
   369                           
   370                           ;SPI_ver05_slave.c: 11: TRISA = 0b00000001;
   371  001D  3001               	movlw	1
   372  001E  0021               	movlb	1	; select bank1
   373  001F  008C               	movwf	12	;volatile
   374                           
   375                           ;SPI_ver05_slave.c: 12: PORTA = 0b00000000;
   376  0020  0020               	movlb	0	; select bank0
   377  0021  018C               	clrf	12	;volatile
   378                           
   379                           ;SPI_ver05_slave.c: 15: ANSELB = 0b00000000;
   380  0022  0023               	movlb	3	; select bank3
   381  0023  018D               	clrf	13	;volatile
   382                           
   383                           ;SPI_ver05_slave.c: 16: TRISB = 0b00010010;
   384  0024  3012               	movlw	18
   385  0025  0021               	movlb	1	; select bank1
   386  0026  008D               	movwf	13	;volatile
   387                           
   388                           ;SPI_ver05_slave.c: 17: PORTB = 0b00000000;
   389  0027  0020               	movlb	0	; select bank0
   390  0028  018D               	clrf	13	;volatile
   391                           
   392                           ;SPI_ver05_slave.c: 19: SDO1SEL = 0;
   393  0029  0022               	movlb	2	; select bank2
   394  002A  131D               	bcf	29,6	;volatile
   395                           
   396                           ;SPI_ver05_slave.c: 20: SSP1CON1 = 0b00100100;
   397  002B  3024               	movlw	36
   398  002C  0024               	movlb	4	; select bank4
   399  002D  0095               	movwf	21	;volatile
   400                           
   401                           ;SPI_ver05_slave.c: 21: SSP1STAT = 0b01000000;
   402  002E  3040               	movlw	64
   403  002F  0094               	movwf	20	;volatile
   404                           
   405                           ;SPI_ver05_slave.c: 23: SSP1IF = 0;
   406  0030  0020               	movlb	0	; select bank0
   407  0031  1191               	bcf	17,3	;volatile
   408                           
   409                           ;SPI_ver05_slave.c: 24: SSP1IE = 1;
   410  0032  0021               	movlb	1	; select bank1
   411  0033  1591               	bsf	17,3	;volatile
   412                           
   413                           ;SPI_ver05_slave.c: 25: PEIE = 1;
   414  0034  170B               	bsf	11,6	;volatile
   415                           
   416                           ;SPI_ver05_slave.c: 26: GIE = 1;
   417  0035  178B               	bsf	11,7	;volatile
   418  0036  0008               	return
   419  0037                     __end_of_SlaveInit:	
   420                           
   421                           	psect	intentry
   422  0004                     __pintentry:	
   423 ;; *************** function _OnInterSpi *****************
   424 ;; Defined at:
   425 ;;		line 5 in file "SPI_ver05_main.c"
   426 ;; Parameters:    Size  Location     Type
   427 ;;		None
   428 ;; Auto vars:     Size  Location     Type
   429 ;;		None
   430 ;; Return value:  Size  Location     Type
   431 ;;                  1    wreg      void 
   432 ;; Registers used:
   433 ;;		wreg, status,2, status,0, pclath, cstack
   434 ;; Tracked objects:
   435 ;;		On entry : 0/0
   436 ;;		On exit  : 0/0
   437 ;;		Unchanged: 0/0
   438 ;; Data sizes:     COMMON   BANK0   BANK1   BANK2   BANK3   BANK4
   439 ;;      Params:         0       0       0       0       0       0
   440 ;;      Locals:         0       0       0       0       0       0
   441 ;;      Temps:          1       0       0       0       0       0
   442 ;;      Totals:         1       0       0       0       0       0
   443 ;;Total ram usage:        1 bytes
   444 ;; Hardware stack levels used:    1
   445 ;; Hardware stack levels required when called:    1
   446 ;; This function calls:
   447 ;;		_SlaveStart
   448 ;; This function is called by:
   449 ;;		Interrupt level 1
   450 ;; This function uses a non-reentrant model
   451 ;;
   452                           
   453  0004                     _OnInterSpi:	
   454                           
   455                           ;incstack = 0
   456  0004  147E               	bsf	126,0	;set compiler interrupt flag (level 1)
   457                           
   458                           ; Regs used in _OnInterSpi: [wreg+status,2+status,0+pclath+cstack]
   459  0005  3180               	pagesel	$
   460  0006  0020               	movlb	0	; select bank0
   461  0007  087F               	movf	127,w
   462  0008  00F3               	movwf	??_OnInterSpi
   463                           
   464                           ;SPI_ver05_main.c: 7: SlaveStart();
   465  0009  3180  2037         	fcall	_SlaveStart
   466  000B  0873               	movf	??_OnInterSpi,w
   467  000C  0020               	movlb	0	; select bank0
   468  000D  00FF               	movwf	127
   469  000E  107E               	bcf	126,0	;clear compiler interrupt flag (level 1)
   470  000F  0009               	retfie
   471  0010                     __end_of_OnInterSpi:	
   472                           
   473                           	psect	text3
   474  0037                     __ptext3:	
   475 ;; *************** function _SlaveStart *****************
   476 ;; Defined at:
   477 ;;		line 29 in file "SPI_ver05_slave.c"
   478 ;; Parameters:    Size  Location     Type
   479 ;;		None
   480 ;; Auto vars:     Size  Location     Type
   481 ;;		None
   482 ;; Return value:  Size  Location     Type
   483 ;;                  1    wreg      void 
   484 ;; Registers used:
   485 ;;		wreg, status,2, status,0
   486 ;; Tracked objects:
   487 ;;		On entry : 0/0
   488 ;;		On exit  : 0/0
   489 ;;		Unchanged: 0/0
   490 ;; Data sizes:     COMMON   BANK0   BANK1   BANK2   BANK3   BANK4
   491 ;;      Params:         0       0       0       0       0       0
   492 ;;      Locals:         0       0       0       0       0       0
   493 ;;      Temps:          1       0       0       0       0       0
   494 ;;      Totals:         1       0       0       0       0       0
   495 ;;Total ram usage:        1 bytes
   496 ;; Hardware stack levels used:    1
   497 ;; This function calls:
   498 ;;		Nothing
   499 ;; This function is called by:
   500 ;;		_OnInterSpi
   501 ;; This function uses a non-reentrant model
   502 ;;
   503                           
   504                           
   505                           ;psect for function _SlaveStart
   506  0037                     _SlaveStart:	
   507                           
   508                           ;SPI_ver05_slave.c: 30: if (SSP1IF == 1){
   509                           
   510                           ;incstack = 0
   511                           ; Regs used in _SlaveStart: [wreg+status,2+status,0]
   512  0037  0020               	movlb	0	; select bank0
   513  0038  1D91               	btfss	17,3	;volatile
   514  0039  0008               	return
   515                           
   516                           ;SPI_ver05_slave.c: 31: SSP1IF = 0;
   517  003A  1191               	bcf	17,3	;volatile
   518                           
   519                           ;SPI_ver05_slave.c: 33: read_data = SSP1BUF;
   520  003B  0024               	movlb	4	; select bank4
   521  003C  0811               	movf	17,w	;volatile
   522  003D  00F2               	movwf	??_SlaveStart
   523  003E  0872               	movf	??_SlaveStart,w
   524  003F  00F0               	movwf	_read_data
   525                           
   526                           ;SPI_ver05_slave.c: 34: return_data = read_data;
   527  0040  0870               	movf	_read_data,w
   528  0041  00F2               	movwf	??_SlaveStart
   529  0042  0872               	movf	??_SlaveStart,w
   530  0043  00F1               	movwf	_return_data
   531                           
   532                           ;SPI_ver05_slave.c: 35: if(return_data == 0) return_data = 255; else return_data--;
   533  0044  0871               	movf	_return_data,w
   534  0045  1D03               	btfss	3,2
   535  0046  284C               	goto	i1l534
   536  0047  30FF               	movlw	255
   537  0048  00F2               	movwf	??_SlaveStart
   538  0049  0872               	movf	??_SlaveStart,w
   539  004A  00F1               	movwf	_return_data
   540  004B  284E               	goto	i1l536
   541  004C                     i1l534:	
   542  004C  3001               	movlw	1
   543  004D  02F1               	subwf	_return_data,f
   544  004E                     i1l536:	
   545                           
   546                           ;SPI_ver05_slave.c: 37: SSP1BUF = return_data;
   547  004E  0871               	movf	_return_data,w
   548  004F  0091               	movwf	17	;volatile
   549  0050  0008               	return
   550  0051                     __end_of_SlaveStart:	
   551  007E                     btemp	set	126	;btemp
   552  007E                     int$flags	set	126
   553  007E                     wtemp0	set	126


Data Sizes:
    Strings     0
    Constant    0
    Data        0
    BSS         2
    Persistent  0
    Stack       0

Auto Spaces:
    Space          Size  Autos    Used
    COMMON           14      2       4
    BANK0            80      0       0
    BANK1            80      0       0
    BANK2            80      0       0
    BANK3            80      0       0
    BANK4            48      0       0

Pointer List with Targets:

    None.

Critical Paths under _main in COMMON

    None.

Critical Paths under _OnInterSpi in COMMON

    _OnInterSpi->_SlaveStart

Critical Paths under _main in BANK0

    None.

Critical Paths under _OnInterSpi in BANK0

    None.

Critical Paths under _main in BANK1

    None.

Critical Paths under _OnInterSpi in BANK1

    None.

Critical Paths under _main in BANK2

    None.

Critical Paths under _OnInterSpi in BANK2

    None.

Critical Paths under _main in BANK3

    None.

Critical Paths under _OnInterSpi in BANK3

    None.

Critical Paths under _main in BANK4

    None.

Critical Paths under _OnInterSpi in BANK4

    None.

Call Graph Tables:

 ---------------------------------------------------------------------------------
 (Depth) Function   	        Calls       Base Space   Used Autos Params    Refs
 ---------------------------------------------------------------------------------
 (0) _main                                                 0     0      0       0
                          _SlaveInit
 ---------------------------------------------------------------------------------
 (1) _SlaveInit                                            0     0      0       0
 ---------------------------------------------------------------------------------
 Estimated maximum stack depth 1
 ---------------------------------------------------------------------------------
 (Depth) Function   	        Calls       Base Space   Used Autos Params    Refs
 ---------------------------------------------------------------------------------
 (2) _OnInterSpi                                           1     1      0       0
                                              1 COMMON     1     1      0
                         _SlaveStart
 ---------------------------------------------------------------------------------
 (3) _SlaveStart                                           1     1      0       0
                                              0 COMMON     1     1      0
 ---------------------------------------------------------------------------------
 Estimated maximum stack depth 3
 ---------------------------------------------------------------------------------

 Call Graph Graphs:

 _main (ROOT)
   _SlaveInit

 _OnInterSpi (ROOT)
   _SlaveStart

 Address spaces:
Name               Size   Autos  Total    Cost      Usage
BIGRAM             170      0       0       0        0.0%
EEDATA             100      0       0       0        0.0%
NULL                 0      0       0       0        0.0%
CODE                 0      0       0       0        0.0%
BITCOMMON            E      0       0       1        0.0%
BITSFR0              0      0       0       1        0.0%
SFR0                 0      0       0       1        0.0%
COMMON               E      2       4       2       28.6%
BITSFR1              0      0       0       2        0.0%
SFR1                 0      0       0       2        0.0%
BITSFR2              0      0       0       3        0.0%
SFR2                 0      0       0       3        0.0%
STACK                0      0       0       3        0.0%
BITSFR3              0      0       0       4        0.0%
SFR3                 0      0       0       4        0.0%
ABS                  0      0       4       4        0.0%
BITBANK0            50      0       0       5        0.0%
BITSFR4              0      0       0       5        0.0%
SFR4                 0      0       0       5        0.0%
BANK0               50      0       0       6        0.0%
BITSFR5              0      0       0       6        0.0%
SFR5                 0      0       0       6        0.0%
BITBANK1            50      0       0       7        0.0%
BITSFR6              0      0       0       7        0.0%
SFR6                 0      0       0       7        0.0%
BANK1               50      0       0       8        0.0%
BITSFR7              0      0       0       8        0.0%
SFR7                 0      0       0       8        0.0%
BITBANK2            50      0       0       9        0.0%
BITSFR8              0      0       0       9        0.0%
SFR8                 0      0       0       9        0.0%
BANK2               50      0       0      10        0.0%
BITSFR9              0      0       0      10        0.0%
SFR9                 0      0       0      10        0.0%
BITBANK3            50      0       0      11        0.0%
BITSFR10             0      0       0      11        0.0%
SFR10                0      0       0      11        0.0%
BANK3               50      0       0      12        0.0%
BITSFR11             0      0       0      12        0.0%
SFR11                0      0       0      12        0.0%
BITBANK4            30      0       0      13        0.0%
BITSFR12             0      0       0      13        0.0%
SFR12                0      0       0      13        0.0%
BANK4               30      0       0      14        0.0%
BITSFR13             0      0       0      14        0.0%
SFR13                0      0       0      14        0.0%
BITSFR14             0      0       0      15        0.0%
SFR14                0      0       0      15        0.0%
DATA                 0      0       4      15        0.0%
BITSFR15             0      0       0      16        0.0%
SFR15                0      0       0      16        0.0%
BITSFR16             0      0       0      17        0.0%
SFR16                0      0       0      17        0.0%
BITSFR17             0      0       0      18        0.0%
SFR17                0      0       0      18        0.0%
BITSFR18             0      0       0      19        0.0%
SFR18                0      0       0      19        0.0%
BITSFR19             0      0       0      20        0.0%
SFR19                0      0       0      20        0.0%
BITSFR20             0      0       0      21        0.0%
SFR20                0      0       0      21        0.0%
BITSFR21             0      0       0      22        0.0%
SFR21                0      0       0      22        0.0%
BITSFR22             0      0       0      23        0.0%
SFR22                0      0       0      23        0.0%
BITSFR23             0      0       0      24        0.0%
SFR23                0      0       0      24        0.0%
BITSFR24             0      0       0      25        0.0%
SFR24                0      0       0      25        0.0%
BITSFR25             0      0       0      26        0.0%
SFR25                0      0       0      26        0.0%
BITSFR26             0      0       0      27        0.0%
SFR26                0      0       0      27        0.0%
BITSFR27             0      0       0      28        0.0%
SFR27                0      0       0      28        0.0%
BITSFR28             0      0       0      29        0.0%
SFR28                0      0       0      29        0.0%
BITSFR29             0      0       0      30        0.0%
SFR29                0      0       0      30        0.0%
BITSFR30             0      0       0      31        0.0%
SFR30                0      0       0      31        0.0%
BITSFR31             0      0       0      32        0.0%
SFR31                0      0       0      32        0.0%


Microchip Technology PIC Macro Assembler V1.45 build -152302408 
Symbol Table                                                                                   Wed Sep 12 18:53:49 2018

            __CFG_CP$OFF 0000                       l18 0054                      _GIE 005F  
           __CFG_CPD$OFF 0000             __CFG_LVP$OFF 0000                     _PEIE 005E  
           __CFG_WRT$OFF 0000                     _main 0051                     btemp 007E  
          __CFG_BOREN$ON 0000                     start 0010            __CFG_IESO$OFF 0000  
          __CFG_MCLRE$ON 0000            __CFG_PLLEN$ON 0000                    ?_main 0072  
          __CFG_WDTE$OFF 0000                    i1l534 004C                    i1l536 004E  
                  _PORTA 000C                    _PORTB 000D                    _TRISA 008C  
                  _TRISB 008D           __CFG_FCMEN$OFF 0000                    status 0003  
                  wtemp0 007E               _OnInterSpi 0004          __initialization 0012  
           __end_of_main 0055                   ??_main 0074                   _ANSELA 018C  
                 _ANSELB 018D                   _OSCCON 0099                   _SSP1IE 048B  
                 _SSP1IF 008B           __CFG_PWRTE$OFF 0000               _SlaveStart 0037  
     __size_of_SlaveInit 001F  __end_of__initialization 0014              ?_OnInterSpi 0072  
         __pcstackCOMMON 0072        __end_of_SlaveInit 0037               __pmaintext 0051  
            ?_SlaveStart 0072               __pintentry 0004                  _SDO1SEL 08EE  
    __size_of_OnInterSpi 000C                  _SSP1BUF 0211          __CFG_STVREN$OFF 0000  
                __ptext1 0018                  __ptext3 0037      __size_of_SlaveStart 001A  
   end_of_initialization 0014         __CFG_FOSC$INTOSC 0000             ??_OnInterSpi 0073  
    start_initialization 0012       __end_of_OnInterSpi 0010                _SlaveInit 0018  
           ??_SlaveStart 0072              __pbssCOMMON 0070                ___latbits 0001  
     __end_of_SlaveStart 0051               ?_SlaveInit 0072                _read_data 0070  
               _SSP1CON1 0215                 _SSP1STAT 0214              ??_SlaveInit 0074  
          __size_of_main 0004                 int$flags 007E                 intlevel1 0000  
      __CFG_CLKOUTEN$OFF 0000              _return_data 0071  
